Determining if the pthread_create exist failed with the following output:
Change Dir: /home/kaoru/catkin_ws/build/CMakeFiles/CMakeTmp

Run Build Command:"/usr/bin/make" "cmTC_17d7e/fast"
/usr/bin/make -f CMakeFiles/cmTC_17d7e.dir/build.make CMakeFiles/cmTC_17d7e.dir/build
make[1]: ディレクトリ '/home/kaoru/catkin_ws/build/CMakeFiles/CMakeTmp' に入ります
Building C object CMakeFiles/cmTC_17d7e.dir/CheckSymbolExists.c.o
/usr/bin/cc    -o CMakeFiles/cmTC_17d7e.dir/CheckSymbolExists.c.o   -c /home/kaoru/catkin_ws/build/CMakeFiles/CMakeTmp/CheckSymbolExists.c
Linking C executable cmTC_17d7e
/usr/bin/cmake -E cmake_link_script CMakeFiles/cmTC_17d7e.dir/link.txt --verbose=1
/usr/bin/cc      -rdynamic CMakeFiles/cmTC_17d7e.dir/CheckSymbolExists.c.o  -o cmTC_17d7e 
CMakeFiles/cmTC_17d7e.dir/CheckSymbolExists.c.o: 関数 `main' 内:
CheckSymbolExists.c:(.text+0x1b): `pthread_create' に対する定義されていない参照です
collect2: error: ld returned 1 exit status
CMakeFiles/cmTC_17d7e.dir/build.make:97: recipe for target 'cmTC_17d7e' failed
make[1]: *** [cmTC_17d7e] Error 1
make[1]: ディレクトリ '/home/kaoru/catkin_ws/build/CMakeFiles/CMakeTmp' から出ます
Makefile:126: recipe for target 'cmTC_17d7e/fast' failed
make: *** [cmTC_17d7e/fast] Error 2

File /home/kaoru/catkin_ws/build/CMakeFiles/CMakeTmp/CheckSymbolExists.c:
/* */
#include <pthread.h>

int main(int argc, char** argv)
{
  (void)argv;
#ifndef pthread_create
  return ((int*)(&pthread_create))[argc];
#else
  (void)argc;
  return 0;
#endif
}

Determining if the function pthread_create exists in the pthreads failed with the following output:
Change Dir: /home/kaoru/catkin_ws/build/CMakeFiles/CMakeTmp

Run Build Command:"/usr/bin/make" "cmTC_e8586/fast"
/usr/bin/make -f CMakeFiles/cmTC_e8586.dir/build.make CMakeFiles/cmTC_e8586.dir/build
make[1]: ディレクトリ '/home/kaoru/catkin_ws/build/CMakeFiles/CMakeTmp' に入ります
Building C object CMakeFiles/cmTC_e8586.dir/CheckFunctionExists.c.o
/usr/bin/cc   -DCHECK_FUNCTION_EXISTS=pthread_create   -o CMakeFiles/cmTC_e8586.dir/CheckFunctionExists.c.o   -c /usr/share/cmake-3.10/Modules/CheckFunctionExists.c
Linking C executable cmTC_e8586
/usr/bin/cmake -E cmake_link_script CMakeFiles/cmTC_e8586.dir/link.txt --verbose=1
/usr/bin/cc  -DCHECK_FUNCTION_EXISTS=pthread_create    -rdynamic CMakeFiles/cmTC_e8586.dir/CheckFunctionExists.c.o  -o cmTC_e8586 -lpthreads 
/usr/bin/ld: -lpthreads が見つかりません
collect2: error: ld returned 1 exit status
CMakeFiles/cmTC_e8586.dir/build.make:97: recipe for target 'cmTC_e8586' failed
make[1]: *** [cmTC_e8586] Error 1
make[1]: ディレクトリ '/home/kaoru/catkin_ws/build/CMakeFiles/CMakeTmp' から出ます
Makefile:126: recipe for target 'cmTC_e8586/fast' failed
make: *** [cmTC_e8586/fast] Error 2


Performing C++ SOURCE FILE Test OpenCL_CXX_WORKS failed with the following output:
Change Dir: /home/kaoru/catkin_ws/build/CMakeFiles/CMakeTmp

Run Build Command:"/usr/bin/make" "cmTC_3c33c/fast"
/usr/bin/make -f CMakeFiles/cmTC_3c33c.dir/build.make CMakeFiles/cmTC_3c33c.dir/build
make[1]: ディレクトリ '/home/kaoru/catkin_ws/build/CMakeFiles/CMakeTmp' に入ります
Building CXX object CMakeFiles/cmTC_3c33c.dir/src.cxx.o
/usr/bin/c++   -I/include/internal  -DBT_USE_DOUBLE_PRECISION -Wall -Wuninitialized -Winit-self -Wunused-function -Wunused-label -Wunused-variable -Wunused-but-set-variable -Wunused-but-set-parameter -Warray-bounds -Wtype-limits -Wreturn-type -Wsequence-point -Wparentheses -Wmissing-braces -Wchar-subscripts -Wswitch -Wwrite-strings -Wenum-compare -Wempty-body -std=c++11 -fopenmp -DOpenCL_CXX_WORKS   -o CMakeFiles/cmTC_3c33c.dir/src.cxx.o -c /home/kaoru/catkin_ws/build/CMakeFiles/CMakeTmp/src.cxx
/home/kaoru/catkin_ws/build/CMakeFiles/CMakeTmp/src.cxx:2:10: fatal error: CL/cl.hpp: そのようなファイルやディレクトリはありません
 #include <CL/cl.hpp>
          ^~~~~~~~~~~
compilation terminated.
CMakeFiles/cmTC_3c33c.dir/build.make:65: recipe for target 'CMakeFiles/cmTC_3c33c.dir/src.cxx.o' failed
make[1]: *** [CMakeFiles/cmTC_3c33c.dir/src.cxx.o] Error 1
make[1]: ディレクトリ '/home/kaoru/catkin_ws/build/CMakeFiles/CMakeTmp' から出ます
Makefile:126: recipe for target 'cmTC_3c33c/fast' failed
make: *** [cmTC_3c33c/fast] Error 2

Source file was:

#include <CL/cl.hpp>
int main() {
  cl::Context context;
  cl::Platform platform;
  cl::Device device;
  return 0;
}
